[05:46:04][FINE/CustomNPCs][noppes.npcs.LogWriter:71] Sun Aug 04 05:46:04 UTC 2024
[05:46:04][FINE/CustomNPCs][noppes.npcs.controllers.ScriptController:101] Script Engines Available:
[05:46:04][FINE/CustomNPCs][noppes.npcs.controllers.ScriptController:110] ECMAScript: .js
[05:46:04][SEVERE/CustomNPCs][noppes.npcs.ScriptPlayerEventHandler:372] java.lang.NoSuchFieldException: classes
	at java.base/java.lang.Class.getDeclaredField(Class.java:2782)
	at noppes.npcs.ScriptPlayerEventHandler.registerForgeEvents(ScriptPlayerEventHandler.java:311)
	at noppes.npcs.CustomNpcs.setup(CustomNpcs.java:249)
	at net.minecraftforge.eventbus.EventBus.doCastFilter(EventBus.java:248)
	at net.minecraftforge.eventbus.EventBus.lambda$addListener$11(EventBus.java:240)
	at net.minecraftforge.eventbus.EventBus.post(EventBus.java:304)
	at net.minecraftforge.eventbus.EventBus.post(EventBus.java:284)
	at net.minecraftforge.fml.javafmlmod.FMLModContainer.acceptEvent(FMLModContainer.java:106)
	at net.minecraftforge.fml.ModContainer.lambda$buildTransitionHandler$4(ModContainer.java:107)
	at java.base/java.util.concurrent.CompletableFuture$AsyncRun.run(CompletableFuture.java:1804)
	at java.base/java.util.concurrent.CompletableFuture$AsyncRun.exec(CompletableFuture.java:1796)
	at java.base/java.util.concurrent.ForkJoinTask.doExec(ForkJoinTask.java:387)
	at java.base/java.util.concurrent.ForkJoinPool$WorkQueue.topLevelExec(ForkJoinPool.java:1312)
	at java.base/java.util.concurrent.ForkJoinPool.scan(ForkJoinPool.java:1843)
	at java.base/java.util.concurrent.ForkJoinPool.runWorker(ForkJoinPool.java:1808)
	at java.base/java.util.concurrent.ForkJoinWorkerThread.run(ForkJoinWorkerThread.java:188)
[05:47:09][FINE/CustomNPCs][noppes.npcs.controllers.LinkedNpcController:42] Loading Linked Npcs
[05:47:09][FINE/CustomNPCs][noppes.npcs.controllers.LinkedNpcController:62] Done loading Linked Npcs
[05:47:43][FINE/CustomNPCs][noppes.npcs.controllers.DialogController:41] Loading Dialogs
[05:47:43][FINE/CustomNPCs][noppes.npcs.controllers.DialogController:43] Done loading Dialogs
